2023-11-26 21:30:47.787 [info] Experiment 'pythonTerminalEnvVarActivation' is active
2023-11-26 21:30:47.788 [info] Experiment 'pythonPromptNewFormatterExt' is active
2023-11-26 21:30:47.788 [info] Experiment 'pythonPromptNewToolsExt' is active
2023-11-26 21:30:47.788 [info] Experiment 'pythonREPLSmartSend' is active
2023-11-26 21:30:47.788 [info] Experiment 'pythonTestAdaptercf' is active
2023-11-26 21:30:47.814 [info] Default formatter is set to null for workspace /Users/vasamsettyvenkatasaikushank/untitled folder
2023-11-26 21:30:47.822 [info] Test server listening.
2023-11-26 21:30:47.825 [info] > ~/anaconda3/bin/conda info --json
2023-11-26 21:30:47.829 [info] Found: /usr/bin/python3 --> /usr/bin/python3
2023-11-26 21:30:47.835 [info] Found: /usr/local/bin/python3 --> /Library/Frameworks/Python.framework/Versions/3.11/bin/python3.11
2023-11-26 21:30:48.165 [warning] Retry failed, storage update failed for key PYTHON_GLOBAL_STORAGE_KEYS
2023-11-26 21:30:48.165 [warning] Retry failed, storage update failed for key PYTHON_GLOBAL_STORAGE_KEYS
2023-11-26 21:30:48.165 [warning] Retry failed, storage update failed for key PYTHON_GLOBAL_STORAGE_KEYS
2023-11-26 21:30:48.165 [warning] Retry failed, storage update failed for key PYTHON_GLOBAL_STORAGE_KEYS
2023-11-26 21:30:48.165 [warning] Retry failed, storage update failed for key PYTHON_WORKSPACE_STORAGE_KEYS
2023-11-26 21:30:48.165 [warning] Retry failed, storage update failed for key PYTHON_WORKSPACE_STORAGE_KEYS
2023-11-26 21:30:48.165 [warning] Retry failed, storage update failed for key PYTHON_WORKSPACE_STORAGE_KEYS
2023-11-26 21:30:48.420 [info] Found: /usr/local/bin/python3.10 --> /Library/Frameworks/Python.framework/Versions/3.10/bin/python3.10
2023-11-26 21:30:48.426 [info] Found: /usr/local/bin/python3.11 --> /Library/Frameworks/Python.framework/Versions/3.11/bin/python3.11
2023-11-26 21:30:48.443 [info] > ~/anaconda3/envs/myenv2/bin/python -I ~/.vscode/extensions/ms-python.python-2023.20.0/pythonFiles/get_output_via_markers.py ~/.vscode/extensions/ms-python.python-2023.20.0/pythonFiles/interpreterInfo.py
2023-11-26 21:30:48.443 [info] Found: /Users/vasamsettyvenkatasaikushank/anaconda3/envs/myenv2/bin/python --> /Users/vasamsettyvenkatasaikushank/anaconda3/envs/myenv2/bin/python3.11
2023-11-26 21:30:48.444 [info] Found: /Users/vasamsettyvenkatasaikushank/anaconda3/envs/myenv2/bin/python3 --> /Users/vasamsettyvenkatasaikushank/anaconda3/envs/myenv2/bin/python3.11
2023-11-26 21:30:48.444 [info] Found: /Users/vasamsettyvenkatasaikushank/anaconda3/envs/myenv2/bin/python3.1 --> /Users/vasamsettyvenkatasaikushank/anaconda3/envs/myenv2/bin/python3.11
2023-11-26 21:30:48.444 [info] Found: /Users/vasamsettyvenkatasaikushank/anaconda3/envs/myenv2/bin/python3.11 --> /Users/vasamsettyvenkatasaikushank/anaconda3/envs/myenv2/bin/python3.11
2023-11-26 21:30:48.447 [info] > ~/anaconda3/bin/python -I ~/.vscode/extensions/ms-python.python-2023.20.0/pythonFiles/get_output_via_markers.py ~/.vscode/extensions/ms-python.python-2023.20.0/pythonFiles/interpreterInfo.py
2023-11-26 21:30:48.473 [info] > ~/anaconda3/envs/myenv/bin/python -I ~/.vscode/extensions/ms-python.python-2023.20.0/pythonFiles/get_output_via_markers.py ~/.vscode/extensions/ms-python.python-2023.20.0/pythonFiles/interpreterInfo.py
2023-11-26 21:30:48.489 [info] > /usr/bin/python3 -I ~/.vscode/extensions/ms-python.python-2023.20.0/pythonFiles/get_output_via_markers.py ~/.vscode/extensions/ms-python.python-2023.20.0/pythonFiles/interpreterInfo.py
2023-11-26 21:30:48.490 [info] VS Code was launched from an activated environment: 'myenv2', selecting it as the interpreter for workspace.
2023-11-26 21:30:48.490 [info] Python interpreter path: ~/anaconda3/envs/myenv2/bin/python
2023-11-26 21:30:48.512 [info] > /usr/local/bin/python3 -I ~/.vscode/extensions/ms-python.python-2023.20.0/pythonFiles/get_output_via_markers.py ~/.vscode/extensions/ms-python.python-2023.20.0/pythonFiles/interpreterInfo.py
2023-11-26 21:30:48.956 [info] > ~/anaconda3/bin/conda run -n myenv2 --no-capture-output python ~/.vscode/extensions/ms-python.python-2023.20.0/pythonFiles/get_output_via_markers.py ~/.vscode/extensions/ms-python.python-2023.20.0/pythonFiles/printEnvVariables.py
2023-11-26 21:30:48.956 [info] shell: bash
2023-11-26 21:30:48.963 [info] > /usr/local/bin/python3.10 -I ~/.vscode/extensions/ms-python.python-2023.20.0/pythonFiles/get_output_via_markers.py ~/.vscode/extensions/ms-python.python-2023.20.0/pythonFiles/interpreterInfo.py
2023-11-26 21:30:50.045 [info] > ~/anaconda3/bin/conda info --json
2023-11-26 21:30:50.045 [info] shell: zsh
2023-11-26 21:30:50.061 [warning] Retry failed, storage update failed for key PYTHON_GLOBAL_STORAGE_KEYS
2023-11-26 21:30:50.061 [warning] Retry failed, storage update failed for key PYTHON_GLOBAL_STORAGE_KEYS
2023-11-26 21:30:50.448 [info] > ~/anaconda3/bin/conda run -n myenv2 --no-capture-output python ~/.vscode/extensions/ms-python.python-2023.20.0/pythonFiles/get_output_via_markers.py ~/.vscode/extensions/ms-python.python-2023.20.0/pythonFiles/printEnvVariables.py
2023-11-26 21:30:50.448 [info] shell: zsh
2023-11-26 21:30:51.113 [info] > /usr/bin/python3 ~/.vscode/extensions/ms-python.python-2023.20.0/pythonFiles/printEnvVariables.py
2023-11-26 21:30:51.113 [info] shell: zsh
2023-11-26 21:30:51.959 [info] Starting Pylance language server.
2023-11-26 21:31:19.026 [info] CreateEnv Trigger - Workspace not found for Untitled-1
2023-11-26 21:31:23.494 [info] Send text to terminal: /Users/vasamsettyvenkatasaikushank/anaconda3/envs/myenv2/bin/python Untitled-1
2023-11-26 21:31:46.187 [info] Discover tests for workspace name: untitled folder - uri: /Users/vasamsettyvenkatasaikushank/untitled folder
2023-11-26 21:31:46.187 [info] Python interpreter path: ~/anaconda3/envs/myenv/bin/python
2023-11-26 21:31:46.190 [info] > ~/anaconda3/bin/conda run -n myenv --no-capture-output python ~/.vscode/extensions/ms-python.python-2023.20.0/pythonFiles/get_output_via_markers.py ~/.vscode/extensions/ms-python.python-2023.20.0/pythonFiles/printEnvVariables.py
2023-11-26 21:31:46.190 [info] shell: zsh
2023-11-26 21:31:46.191 [info] > ~/anaconda3/bin/conda run -n myenv --no-capture-output python ~/.vscode/extensions/ms-python.python-2023.20.0/pythonFiles/get_output_via_markers.py ~/.vscode/extensions/ms-python.python-2023.20.0/pythonFiles/printEnvVariables.py
2023-11-26 21:31:46.191 [info] shell: bash
2023-11-26 21:31:54.991 [info] Send text to terminal: /Users/vasamsettyvenkatasaikushank/anaconda3/envs/myenv/bin/python "/Users/vasamsettyvenkatasaikushank/untitled folder/import tensorflow as tf.py"
2023-11-26 21:31:55.066 [info] Discover tests for workspace name: untitled folder - uri: /Users/vasamsettyvenkatasaikushank/untitled folder/import tensorflow as tf.py
2023-11-26 21:32:04.231 [info] Send text to terminal: /Users/vasamsettyvenkatasaikushank/anaconda3/envs/myenv/bin/python "/Users/vasamsettyvenkatasaikushank/untitled folder/import tensorflow as tf.py"
2023-11-26 21:33:14.942 [info] Send text to terminal: /Users/vasamsettyvenkatasaikushank/anaconda3/envs/myenv/bin/python "/Users/vasamsettyvenkatasaikushank/untitled folder/import tensorflow as tf.py"
2023-11-26 21:33:15.187 [info] Discover tests for workspace name: untitled folder - uri: /Users/vasamsettyvenkatasaikushank/untitled folder/import tensorflow as tf.py
