2023-11-26 21:29:53.180 [info] Reading sessions from keychain...
2023-11-26 21:29:53.180 [info] Getting sessions for all scopes...
2023-11-26 21:29:53.180 [info] Got 0 sessions for ...
2023-11-26 21:29:53.180 [info] Getting sessions for all scopes...
2023-11-26 21:29:53.180 [info] Got 0 sessions for ...
2023-11-26 21:29:53.180 [info] Getting sessions for read:user...
2023-11-26 21:29:53.180 [info] Got 0 sessions for read:user...
2023-11-26 21:29:53.180 [info] Getting sessions for user:email...
2023-11-26 21:29:53.180 [info] Got 0 sessions for user:email...
2023-11-26 21:29:53.180 [info] Getting sessions for user:email...
2023-11-26 21:29:53.180 [info] Got 0 sessions for user:email...
2023-11-26 21:29:53.181 [info] Getting sessions for read:user...
2023-11-26 21:29:53.181 [info] Got 0 sessions for read:user...
2023-11-26 21:30:39.707 [info] Reading sessions from keychain...
2023-11-26 21:30:39.707 [info] Getting sessions for all scopes...
2023-11-26 21:30:39.707 [info] Got 0 sessions for ...
2023-11-26 21:30:39.707 [info] Getting sessions for all scopes...
2023-11-26 21:30:39.707 [info] Got 0 sessions for ...
2023-11-26 21:30:39.707 [info] Getting sessions for read:user...
2023-11-26 21:30:39.707 [info] Got 0 sessions for read:user...
2023-11-26 21:30:39.712 [info] Getting sessions for user:email...
2023-11-26 21:30:39.712 [info] Got 0 sessions for user:email...
2023-11-26 21:30:39.713 [info] Getting sessions for user:email...
2023-11-26 21:30:39.713 [info] Got 0 sessions for user:email...
2023-11-26 21:30:39.733 [info] Getting sessions for read:user...
2023-11-26 21:30:39.733 [info] Got 0 sessions for read:user...
