[2023-09-22 19:34:05] [INFO] - (78) data_init to start thread
[2023-09-22 19:34:05] [INFO] - (87) data_init end
[2023-09-22 19:34:05] [INFO] - (35) back thread start ...
[2023-09-22 19:34:05] [INFO] - (36) sdk version: 1.1.1.1113
[2023-09-22 19:34:05] [INFO] - (116) update conf from svr
[2023-09-22 19:34:05] [INFO] - (424) get svr cnf
[2023-09-22 19:34:05] [INFO] - (132) base_info
[2023-09-22 19:34:05] [INFO] - (147) client_sign: {F08DF880-5B74-51E6-8743-6948FFE4143F}
[2023-09-22 19:34:08] [INFO] - (150) save cnf:1
[2023-09-22 19:34:08] [INFO] - (131) update conf from svr end
[2023-09-22 19:34:08] [INFO] - (97) chk old msgs
[2023-09-22 19:34:08] [INFO] - (179) process_msgs: 0
[2023-09-22 19:34:08] [INFO] - (150) save cnf:1
[2023-09-22 19:34:08] [INFO] - (137) back thread loop start ...
[2023-09-22 19:34:08] [INFO] - (267) addtional send
[2023-09-22 19:34:09] [INFO] - (295) event
[2023-09-22 19:34:09] [INFO] - (295) event
[2023-09-22 19:34:10] [INFO] - (285) save msg to file
[2023-09-22 19:34:10] [INFO] - (285) save msg to file
[2023-09-22 19:34:58] [INFO] - (295) event
[2023-09-22 19:34:58] [INFO] [2023-09-22 19:34:58] [INFO] - (285) save msg to file
- (295) event
[2023-09-22 19:34:58] [INFO] - (285) save msg to file
[2023-09-22 19:35:25] [INFO] - (295) event
[2023-09-22 19:35:25] [INFO] - (285) save msg to file
[2023-09-22 19:35:25] [INFO] - (295) event
[2023-09-22 19:35:25] [INFO] - (285) save msg to file
[2023-09-22 19:35:26] [INFO] - (295) event
[2023-09-22 19:35:26] [INFO] - (295) event
[2023-09-22 19:35:26] [INFO] - (285) save msg to file
[2023-09-22 19:37:16] [INFO] - (295) event
[2023-09-22 19:37:16] [INFO] - (285) save msg to file
[2023-09-22 19:37:16] [INFO] - (295) event
[2023-09-22 19:37:16] [INFO] - (285) save msg to file
[2023-09-22 19:37:23] [INFO] - (295) event
[2023-09-22 19:37:23] [INFO] - (285) save msg to file
[2023-09-22 19:37:23] [INFO] - (192) to send, err: 0, gap: 1800, ok: 1695391450, send_n: 10, msg_n: 10, send_s: 204800, msg_s: 4851, tm: 1695391643
[2023-09-22 19:37:23] [INFO] - (179) process_msgs: 1
[2023-09-22 19:37:23] [INFO] - (227) snd old msgs: /Users/vasamsettyvenkatasaikushank/.config/Wondershare/Dr.Fone/Sparrow/unlock/data/MSG_PRE_{73aec8f6c26a4e0796b8bfc522194470}1695391643
[2023-09-22 19:37:26] [INFO] - (150) save cnf:1
